d:\dev\gameframework\gameframework\debug\vc143.pdb
d:\dev\gameframework\gameframework\debug\vc143.idb
d:\dev\gameframework\gameframework\debug\tile.obj
d:\dev\gameframework\gameframework\debug\texture.obj
d:\dev\gameframework\gameframework\debug\system.obj
d:\dev\gameframework\gameframework\debug\physics.obj
d:\dev\gameframework\gameframework\debug\map.obj
d:\dev\gameframework\gameframework\debug\main.obj
d:\dev\gameframework\gameframework\debug\controller.obj
d:\dev\gameframework\gameframework\debug\animation.obj
d:\dev\gameframework\debug\gameframework.exe
d:\dev\gameframework\gameframework\debug\gameframework.ilk
d:\dev\gameframework\debug\gameframework.pdb
d:\dev\gameframework\gameframework\debug\gameframework.res
d:\dev\gameframework\gameframework\debug\gameframework.tlog\cl.command.1.tlog
d:\dev\gameframework\gameframework\debug\gameframework.tlog\cl.read.1.tlog
d:\dev\gameframework\gameframework\debug\gameframework.tlog\cl.write.1.tlog
d:\dev\gameframework\gameframework\debug\gameframework.tlog\link.command.1.tlog
d:\dev\gameframework\gameframework\debug\gameframework.tlog\link.read.1.tlog
d:\dev\gameframework\gameframework\debug\gameframework.tlog\link.write.1.tlog
d:\dev\gameframework\gameframework\debug\gameframework.tlog\rc.command.1.tlog
d:\dev\gameframework\gameframework\debug\gameframework.tlog\rc.read.1.tlog
d:\dev\gameframework\gameframework\debug\gameframework.tlog\rc.write.1.tlog
