d:\dev\gameframework\gameframework\x64\debug\vc143.pdb
d:\dev\gameframework\gameframework\x64\debug\vc143.idb
d:\dev\gameframework\gameframework\x64\debug\system.obj
d:\dev\gameframework\gameframework\x64\debug\main.obj
d:\dev\gameframework\gameframework\x64\debug\app.obj
d:\dev\gameframework\gameframework\x64\debug\controller.obj
d:\dev\gameframework\gameframework\x64\debug\shape.obj
d:\dev\gameframework\gameframework\x64\debug\texture.obj
d:\dev\gameframework\gameframework\x64\debug\grid.obj
d:\dev\gameframework\gameframework\x64\debug\font.obj
d:\dev\gameframework\gameframework\x64\debug\text.obj
d:\dev\gameframework\x64\debug\gameframework.exe
d:\dev\gameframework\gameframework\x64\debug\gameframework.ilk
d:\dev\gameframework\x64\debug\gameframework.pdb
d:\dev\gameframework\gameframework\x64\debug\gameframework.tlog\cl.command.1.tlog
d:\dev\gameframework\gameframework\x64\debug\gameframework.tlog\cl.read.1.tlog
d:\dev\gameframework\gameframework\x64\debug\gameframework.tlog\cl.write.1.tlog
d:\dev\gameframework\gameframework\x64\debug\gameframework.tlog\link.command.1.tlog
d:\dev\gameframework\gameframework\x64\debug\gameframework.tlog\link.read.1.tlog
d:\dev\gameframework\gameframework\x64\debug\gameframework.tlog\link.write.1.tlog
