d:\dev\gameframework\gameframework\release\vc143.pdb
d:\dev\gameframework\gameframework\release\tile.obj
d:\dev\gameframework\gameframework\release\texture.obj
d:\dev\gameframework\gameframework\release\system.obj
d:\dev\gameframework\gameframework\release\physics.obj
d:\dev\gameframework\gameframework\release\map.obj
d:\dev\gameframework\gameframework\release\main.obj
d:\dev\gameframework\gameframework\release\controller.obj
d:\dev\gameframework\gameframework\release\animation.obj
d:\dev\gameframework\release\gameframework.exe
d:\dev\gameframework\gameframework\release\gameframework.ipdb
d:\dev\gameframework\gameframework\release\gameframework.iobj
d:\dev\gameframework\release\gameframework.pdb
d:\dev\gameframework\gameframework\release\gameframework.res
d:\dev\gameframework\gameframework\release\gameframework.tlog\cl.command.1.tlog
d:\dev\gameframework\gameframework\release\gameframework.tlog\cl.read.1.tlog
d:\dev\gameframework\gameframework\release\gameframework.tlog\cl.write.1.tlog
d:\dev\gameframework\gameframework\release\gameframework.tlog\link.command.1.tlog
d:\dev\gameframework\gameframework\release\gameframework.tlog\link.read.1.tlog
d:\dev\gameframework\gameframework\release\gameframework.tlog\link.write.1.tlog
d:\dev\gameframework\gameframework\release\gameframework.tlog\rc.command.1.tlog
d:\dev\gameframework\gameframework\release\gameframework.tlog\rc.read.1.tlog
d:\dev\gameframework\gameframework\release\gameframework.tlog\rc.write.1.tlog
